[02Jan2025 00:06:16.969] [Server thread/INFO] [net.minecraft.server.MinecraftServer/]: There are 1 of a max of 20 players online: Bemjaja0
[02Jan2025 00:08:48.003] [Server thread/INFO] [net.minecraft.server.players.PlayerList/]: FaKaWaTH[/[::1]:59824] logged in with entity id 3896 at (-112.69999998807907, 103.5625, 12.300000011920929)
[02Jan2025 00:08:48.248] [Server thread/INFO] [net.minecraft.server.MinecraftServer/]: FaKaWaTH joined the game
[02Jan2025 00:16:39.448] [Server thread/WARN] [net.minecraft.server.level.ServerPlayerGameMode/]: Mismatch in destroy block pos: BlockPos{x=-115, y=103, z=48} BlockPos{x=-115, y=101, z=49}
[02Jan2025 00:30:55.547] [Server thread/WARN] [net.minecraft.server.level.ServerPlayerGameMode/]: Mismatch in destroy block pos: BlockPos{x=-44, y=85, z=28} BlockPos{x=-40, y=91, z=44}
[02Jan2025 00:35:45.150] [Server thread/INFO] [net.minecraft.server.MinecraftServer/]: Bemjaja0 has completed the challenge [It Spreads]
[02Jan2025 00:42:10.501] [Server thread/WARN] [net.minecraft.server.MinecraftServer/]: Can't keep up! Is the server overloaded? Running 2026ms or 40 ticks behind
[02Jan2025 00:48:14.051] [Server thread/INFO] [net.minecraft.server.MinecraftServer/]: Bemjaja0 has made the advancement [Flexible Schedule]
[02Jan2025 01:02:15.094] [Server thread/INFO] [net.minecraft.server.MinecraftServer/]: [Not Secure] <FaKaWaTH> sculk shrieker
[02Jan2025 01:12:27.360] [Server thread/INFO] [net.minecraft.server.MinecraftServer/]: [Not Secure] <FaKaWaTH> ya vengo
[02Jan2025 01:15:03.490] [Server thread/INFO] [net.minecraft.server.MinecraftServer/]: [Not Secure] <Bemjaja0> vengo altiro
[02Jan2025 01:15:11.941] [Server thread/INFO] [net.minecraft.server.MinecraftServer/]: [Not Secure] <Bemjaja0> hay unos pantalones de diamante aqui en la cassa
[02Jan2025 01:15:15.438] [Server thread/INFO] [net.minecraft.server.MinecraftServer/]: [Not Secure] <Bemjaja0> sin dueño
[02Jan2025 01:27:28.097] [Server thread/INFO] [net.minecraft.server.players.PlayerList/]: FrugeledeTomachi[/[::1]:38390] logged in with entity id 23160 at (-5.5, 117.0, 3.5)
[02Jan2025 01:27:28.139] [Server thread/INFO] [net.minecraft.server.MinecraftServer/]: FrugeledeTomachi joined the game
[02Jan2025 01:27:46.303] [Server thread/INFO] [net.minecraft.server.MinecraftServer/]: [Not Secure] <FrugeledeTomachi> calmao
[02Jan2025 01:28:13.190] [Server thread/INFO] [net.minecraft.server.network.ServerGamePacketListenerImpl/]: FrugeledeTomachi lost connection: Timed out
[02Jan2025 01:28:13.192] [Server thread/INFO] [net.minecraft.server.MinecraftServer/]: FrugeledeTomachi left the game
[02Jan2025 01:28:13.253] [Server thread/WARN] [net.minecraft.network.Connection/]: handleDisconnection() called twice
[02Jan2025 01:29:32.318] [Server thread/INFO] [net.minecraft.server.MinecraftServer/]: FaKaWaTH fell from a high place
[02Jan2025 01:45:51.759] [Server thread/INFO] [net.minecraft.server.players.PlayerList/]: FrugeledeTomachi[/[::1]:55178] logged in with entity id 28873 at (-5.5, 117.0, 3.289860015354217)
[02Jan2025 01:45:51.773] [Server thread/INFO] [net.minecraft.server.MinecraftServer/]: FrugeledeTomachi joined the game
[02Jan2025 01:45:53.084] [Server thread/WARN] [net.minecraft.server.MinecraftServer/]: Can't keep up! Is the server overloaded? Running 2009ms or 40 ticks behind
[02Jan2025 01:46:31.571] [Server thread/INFO] [net.minecraft.server.MinecraftServer/]: Bemjaja0 has made the advancement [Ice Bucket Challenge]
[02Jan2025 01:46:37.743] [Server thread/WARN] [net.minecraft.server.MinecraftServer/]: Can't keep up! Is the server overloaded? Running 2018ms or 40 ticks behind
[02Jan2025 01:47:05.588] [Server thread/WARN] [net.minecraft.server.MinecraftServer/]: Can't keep up! Is the server overloaded? Running 2013ms or 40 ticks behind
[02Jan2025 01:47:23.760] [Server thread/WARN] [net.minecraft.server.MinecraftServer/]: Can't keep up! Is the server overloaded? Running 3185ms or 63 ticks behind
[02Jan2025 01:48:04.772] [Server thread/INFO] [net.minecraft.server.MinecraftServer/]: Bemjaja0 has made the advancement [Pic-A-Nic Basket?]
[02Jan2025 01:48:29.328] [Server thread/WARN] [net.minecraft.server.MinecraftServer/]: Can't keep up! Is the server overloaded? Running 2003ms or 40 ticks behind
[02Jan2025 01:48:48.133] [Server thread/WARN] [net.minecraft.server.MinecraftServer/]: Can't keep up! Is the server overloaded? Running 3808ms or 76 ticks behind
[02Jan2025 01:49:07.367] [Server thread/WARN] [net.minecraft.server.MinecraftServer/]: Can't keep up! Is the server overloaded? Running 2092ms or 41 ticks behind
[02Jan2025 01:49:09.890] [Server thread/INFO] [net.minecraft.server.MinecraftServer/]: FrugeledeTomachi has made the advancement [Sweet Dreams]
[02Jan2025 01:49:25.834] [Server thread/WARN] [net.minecraft.server.MinecraftServer/]: Can't keep up! Is the server overloaded? Running 3509ms or 70 ticks behind
[02Jan2025 01:49:28.642] [Server thread/WARN] [net.minecraft.world.level.entity.PersistentEntitySectionManager/]: UUID of added entity already exists: FallingBlockEntity['Falling Pointed Dripstone'/31037, l='ServerLevel[world]', x=1109.50, y=-13.00, z=369.50]
[02Jan2025 01:49:28.644] [Server thread/WARN] [net.minecraft.world.level.entity.PersistentEntitySectionManager/]: UUID of added entity already exists: FallingBlockEntity['Falling Pointed Dripstone'/31038, l='ServerLevel[world]', x=1109.50, y=-13.00, z=371.50]
[02Jan2025 01:49:28.645] [Server thread/WARN] [net.minecraft.world.level.entity.PersistentEntitySectionManager/]: UUID of added entity already exists: FallingBlockEntity['Falling Pointed Dripstone'/31039, l='ServerLevel[world]', x=1106.50, y=-13.00, z=372.50]
[02Jan2025 01:49:31.457] [Server thread/WARN] [net.minecraft.world.level.entity.PersistentEntitySectionManager/]: UUID of added entity already exists: FallingBlockEntity['Falling Pointed Dripstone'/31060, l='ServerLevel[world]', x=1105.50, y=-11.00, z=364.50]
[02Jan2025 01:49:31.458] [Server thread/WARN] [net.minecraft.world.level.entity.PersistentEntitySectionManager/]: UUID of added entity already exists: FallingBlockEntity['Falling Pointed Dripstone'/31061, l='ServerLevel[world]', x=1105.50, y=-12.00, z=364.50]
[02Jan2025 01:49:31.459] [Server thread/WARN] [net.minecraft.world.level.entity.PersistentEntitySectionManager/]: UUID of added entity already exists: FallingBlockEntity['Falling Pointed Dripstone'/31062, l='ServerLevel[world]', x=1108.50, y=-12.00, z=364.50]
[02Jan2025 01:49:31.462] [Server thread/WARN] [net.minecraft.world.level.entity.PersistentEntitySectionManager/]: UUID of added entity already exists: FallingBlockEntity['Falling Pointed Dripstone'/31063, l='ServerLevel[world]', x=1104.50, y=-13.00, z=366.50]
[02Jan2025 01:49:31.464] [Server thread/WARN] [net.minecraft.world.level.entity.PersistentEntitySectionManager/]: UUID of added entity already exists: FallingBlockEntity['Falling Pointed Dripstone'/31064, l='ServerLevel[world]', x=1106.50, y=-13.00, z=366.50]
[02Jan2025 01:49:31.465] [Server thread/WARN] [net.minecraft.world.level.entity.PersistentEntitySectionManager/]: UUID of added entity already exists: FallingBlockEntity['Falling Pointed Dripstone'/31065, l='ServerLevel[world]', x=1105.50, y=-13.00, z=366.50]
[02Jan2025 01:49:41.037] [Server thread/INFO] [net.minecraft.server.MinecraftServer/]: FrugeledeTomachi has made the advancement [Amateur Archaeologist]
[02Jan2025 01:49:43.248] [Server thread/WARN] [net.minecraft.server.MinecraftServer/]: Can't keep up! Is the server overloaded? Running 2023ms or 40 ticks behind
[02Jan2025 01:49:52.489] [Worker-Main-43/ERROR] [net.minecraft.Util/]: Detected setBlock in a far chunk [59, 40], pos: BlockPos{x=944, y=-58, z=649}, status: minecraft:features, currently generating: ResourceKey[minecraft:worldgen/placed_feature / minecraft:large_dripstone]
[02Jan2025 01:49:52.495] [Worker-Main-43/ERROR] [net.minecraft.Util/]: Detected setBlock in a far chunk [59, 40], pos: BlockPos{x=944, y=-58, z=650}, status: minecraft:features, currently generating: ResourceKey[minecraft:worldgen/placed_feature / minecraft:large_dripstone]
[02Jan2025 01:49:52.496] [Worker-Main-43/ERROR] [net.minecraft.Util/]: Detected setBlock in a far chunk [59, 40], pos: BlockPos{x=944, y=-57, z=649}, status: minecraft:features, currently generating: ResourceKey[minecraft:worldgen/placed_feature / minecraft:large_dripstone]
[02Jan2025 01:49:52.496] [Worker-Main-43/ERROR] [net.minecraft.Util/]: Detected setBlock in a far chunk [59, 40], pos: BlockPos{x=944, y=-56, z=649}, status: minecraft:features, currently generating: ResourceKey[minecraft:worldgen/placed_feature / minecraft:large_dripstone]
[02Jan2025 01:49:52.496] [Worker-Main-43/ERROR] [net.minecraft.Util/]: Detected setBlock in a far chunk [59, 40], pos: BlockPos{x=944, y=-58, z=651}, status: minecraft:features, currently generating: ResourceKey[minecraft:worldgen/placed_feature / minecraft:large_dripstone]
[02Jan2025 01:49:52.496] [Worker-Main-43/ERROR] [net.minecraft.Util/]: Detected setBlock in a far chunk [59, 40], pos: BlockPos{x=944, y=-57, z=650}, status: minecraft:features, currently generating: ResourceKey[minecraft:worldgen/placed_feature / minecraft:large_dripstone]
[02Jan2025 01:49:52.497] [Worker-Main-43/ERROR] [net.minecraft.Util/]: Detected setBlock in a far chunk [59, 40], pos: BlockPos{x=944, y=-56, z=650}, status: minecraft:features, currently generating: ResourceKey[minecraft:worldgen/placed_feature / minecraft:large_dripstone]
[02Jan2025 01:49:52.500] [Worker-Main-43/ERROR] [net.minecraft.Util/]: Detected setBlock in a far chunk [59, 40], pos: BlockPos{x=944, y=-58, z=652}, status: minecraft:features, currently generating: ResourceKey[minecraft:worldgen/placed_feature / minecraft:large_dripstone]
[02Jan2025 01:49:52.500] [Worker-Main-43/ERROR] [net.minecraft.Util/]: Detected setBlock in a far chunk [59, 40], pos: BlockPos{x=944, y=-57, z=651}, status: minecraft:features, currently generating: ResourceKey[minecraft:worldgen/placed_feature / minecraft:large_dripstone]
[02Jan2025 01:49:52.501] [Worker-Main-43/ERROR] [net.minecraft.Util/]: Detected setBlock in a far chunk [59, 40], pos: BlockPos{x=944, y=-56, z=651}, status: minecraft:features, currently generating: ResourceKey[minecraft:worldgen/placed_feature / minecraft:large_dripstone]
[02Jan2025 01:49:52.501] [Worker-Main-43/ERROR] [net.minecraft.Util/]: Detected setBlock in a far chunk [59, 40], pos: BlockPos{x=944, y=-58, z=653}, status: minecraft:features, currently generating: ResourceKey[minecraft:worldgen/placed_feature / minecraft:large_dripstone]
[02Jan2025 01:49:52.501] [Worker-Main-43/ERROR] [net.minecraft.Util/]: Detected setBlock in a far chunk [59, 40], pos: BlockPos{x=944, y=-57, z=652}, status: minecraft:features, currently generating: ResourceKey[minecraft:worldgen/placed_feature / minecraft:large_dripstone]
[02Jan2025 01:49:52.501] [Worker-Main-43/ERROR] [net.minecraft.Util/]: Detected setBlock in a far chunk [59, 40], pos: BlockPos{x=944, y=-58, z=654}, status: minecraft:features, currently generating: ResourceKey[minecraft:worldgen/placed_feature / minecraft:large_dripstone]
[02Jan2025 01:49:52.502] [Worker-Main-43/ERROR] [net.minecraft.Util/]: Detected setBlock in a far chunk [59, 40], pos: BlockPos{x=944, y=-58, z=655}, status: minecraft:features, currently generating: ResourceKey[minecraft:worldgen/placed_feature / minecraft:large_dripstone]
[02Jan2025 01:49:52.502] [Worker-Main-43/ERROR] [net.minecraft.Util/]: Detected setBlock in a far chunk [59, 41], pos: BlockPos{x=944, y=-58, z=656}, status: minecraft:features, currently generating: ResourceKey[minecraft:worldgen/placed_feature / minecraft:large_dripstone]
[02Jan2025 01:50:05.117] [Server thread/WARN] [net.minecraft.server.MinecraftServer/]: Can't keep up! Is the server overloaded? Running 6836ms or 136 ticks behind
[02Jan2025 01:50:17.019] [Server thread/INFO] [net.minecraft.server.MinecraftServer/]: FrugeledeTomachi has made the advancement [Acquire Hardware]
[02Jan2025 01:50:32.731] [Server thread/WARN] [net.minecraft.server.MinecraftServer/]: Can't keep up! Is the server overloaded? Running 12706ms or 254 ticks behind
[02Jan2025 01:50:48.934] [Server thread/INFO] [net.minecraft.server.MinecraftServer/]: FrugeledeTomachi has made the advancement [Cover Me with Diamonds]
[02Jan2025 01:51:45.888] [Server thread/INFO] [net.minecraft.server.MinecraftServer/]: [Not Secure] <FrugeledeTomachi> con cual se abre la mochila
[02Jan2025 01:53:35.907] [Server thread/INFO] [net.minecraft.server.MinecraftServer/]: FrugeledeTomachi has made the advancement [Diamonds!]
[02Jan2025 01:55:32.249] [Server thread/WARN] [net.minecraft.server.MinecraftServer/]: Can't keep up! Is the server overloaded? Running 2024ms or 40 ticks behind
[02Jan2025 01:56:05.747] [Server thread/WARN] [net.minecraft.server.MinecraftServer/]: Can't keep up! Is the server overloaded? Running 2021ms or 40 ticks behind
[02Jan2025 01:56:32.285] [Server thread/WARN] [net.minecraft.server.MinecraftServer/]: Can't keep up! Is the server overloaded? Running 2110ms or 42 ticks behind
[02Jan2025 01:56:53.481] [Server thread/WARN] [net.minecraft.server.MinecraftServer/]: Can't keep up! Is the server overloaded? Running 6206ms or 124 ticks behind
[02Jan2025 01:57:10.712] [Server thread/WARN] [net.minecraft.server.MinecraftServer/]: Can't keep up! Is the server overloaded? Running 2237ms or 44 ticks behind
[02Jan2025 01:57:28.634] [Server thread/WARN] [net.minecraft.server.MinecraftServer/]: Can't keep up! Is the server overloaded? Running 2009ms or 40 ticks behind
[02Jan2025 01:57:45.941] [Server thread/WARN] [net.minecraft.server.MinecraftServer/]: Can't keep up! Is the server overloaded? Running 2316ms or 46 ticks behind
[02Jan2025 01:58:03.518] [Server thread/WARN] [net.minecraft.server.MinecraftServer/]: Can't keep up! Is the server overloaded? Running 2593ms or 51 ticks behind
[02Jan2025 01:58:21.560] [Server thread/INFO] [net.minecraft.server.MinecraftServer/]: [Not Secure] <FrugeledeTomachi> KIKIKI
[02Jan2025 01:58:30.523] [Server thread/WARN] [net.minecraft.server.MinecraftServer/]: Can't keep up! Is the server overloaded? Running 2048ms or 40 ticks behind
[02Jan2025 01:59:46.088] [Server thread/WARN] [net.minecraft.server.MinecraftServer/]: Can't keep up! Is the server overloaded? Running 2113ms or 42 ticks behind
[02Jan2025 02:00:04.083] [Server thread/WARN] [net.minecraft.server.MinecraftServer/]: Can't keep up! Is the server overloaded? Running 3008ms or 60 ticks behind
